SF:lib/src/storage/preferences_storage_impl.dart
DA:10,2
DA:13,2
DA:17,2
DA:18,2
DA:22,2
DA:23,2
DA:26,2
DA:27,4
DA:28,0
DA:32,2
DA:34,4
DA:35,4
DA:36,4
DA:37,4
DA:42,2
DA:44,8
DA:45,4
DA:47,4
DA:48,4
DA:49,0
DA:54,2
DA:56,4
DA:57,4
DA:58,4
DA:59,0
DA:64,2
DA:66,4
DA:67,0
DA:69,4
DA:70,4
DA:71,0
DA:76,2
DA:77,4
DA:79,2
DA:81,4
DA:82,4
DA:85,2
DA:87,4
DA:88,4
LF:39
LH:34
end_of_record
SF:lib/src/storage/secure_storage_impl.dart
DA:9,2
DA:15,2
DA:19,2
DA:22,2
DA:23,4
DA:24,0
DA:28,2
DA:31,4
DA:32,4
DA:35,4
DA:40,2
DA:43,4
DA:46,4
DA:51,2
DA:54,4
DA:55,6
DA:58,4
DA:63,2
DA:66,4
DA:68,4
DA:70,4
DA:75,2
DA:78,4
DA:81,4
DA:86,2
DA:89,4
DA:92,4
DA:97,2
DA:100,4
DA:103,4
LF:30
LH:29
end_of_record
SF:lib/src/storage/hive_storage_impl.dart
DA:11,0
DA:19,0
DA:24,0
DA:29,0
DA:33,0
DA:36,0
DA:39,0
DA:41,0
DA:43,0
DA:44,0
DA:45,0
DA:46,0
DA:47,0
DA:51,0
DA:52,0
DA:55,0
DA:59,0
DA:62,0
DA:67,0
DA:68,0
DA:70,0
DA:71,0
DA:75,0
DA:78,0
DA:79,0
DA:82,0
DA:87,0
DA:90,0
DA:93,0
DA:98,0
DA:101,0
DA:102,0
DA:105,0
DA:110,0
DA:113,0
DA:116,0
DA:121,0
DA:124,0
DA:126,0
DA:131,0
DA:134,0
DA:137,0
DA:142,0
DA:145,0
DA:148,0
DA:154,0
DA:156,0
DA:158,0
LF:48
LH:0
end_of_record
SF:lib/src/storage/storage_service.dart
DA:7,3
DA:8,0
DA:9,0
DA:11,0
DA:13,0
DA:16,0
DA:18,0
DA:22,0
DA:29,0
DA:31,0
DA:33,0
DA:40,3
DA:41,6
DA:43,3
DA:44,6
DA:46,2
DA:47,4
DA:49,2
DA:50,4
DA:52,6
DA:54,6
DA:56,6
DA:59,3
DA:60,6
DA:62,3
DA:63,6
DA:65,2
DA:66,4
DA:68,2
DA:69,4
DA:71,6
DA:73,6
DA:75,6
LF:33
LH:23
end_of_record
SF:lib/src/storage/storage_config.dart
DA:8,44
DA:16,2
DA:23,2
DA:24,2
DA:25,2
DA:26,2
DA:27,2
DA:28,2
LF:8
LH:8
end_of_record
SF:lib/src/storage/typed_storage_ext.dart
DA:7,2
DA:8,4
DA:11,2
DA:12,2
DA:15,2
DA:22,2
DA:23,4
DA:26,2
DA:27,2
DA:30,2
DA:37,2
DA:38,4
DA:41,2
DA:42,2
DA:45,4
DA:52,2
DA:53,4
DA:56,2
DA:57,2
DA:60,4
DA:67,2
DA:68,4
DA:71,2
DA:72,2
DA:75,2
DA:82,2
DA:83,4
DA:86,2
DA:87,2
DA:90,2
LF:30
LH:30
end_of_record
SF:lib/src/network/http/http_network_client.dart
DA:16,6
DA:17,4
DA:18,6
DA:23,4
DA:24,4
DA:26,4
DA:31,2
DA:32,2
DA:36,6
DA:37,12
DA:40,4
DA:45,4
DA:52,4
DA:58,4
DA:66,4
DA:72,4
DA:80,4
DA:85,4
DA:93,4
DA:101,4
DA:106,12
DA:110,12
DA:111,4
DA:115,4
DA:118,0
DA:119,0
DA:124,4
DA:129,4
DA:130,12
DA:131,4
DA:132,8
DA:137,8
DA:138,4
DA:139,4
DA:140,4
DA:141,12
DA:143,4
DA:144,4
DA:145,4
DA:146,12
DA:148,4
DA:149,4
DA:150,4
DA:151,12
DA:153,4
DA:154,4
DA:155,4
DA:156,12
DA:159,0
DA:160,0
DA:165,0
DA:167,0
DA:168,0
DA:169,0
DA:171,0
DA:174,0
DA:175,0
DA:176,0
DA:178,0
DA:179,0
DA:182,0
DA:185,4
DA:186,0
DA:187,0
DA:190,4
DA:191,0
DA:192,0
DA:195,4
DA:196,0
DA:197,0
DA:201,4
DA:202,8
DA:209,4
DA:212,4
DA:215,0
DA:216,0
DA:222,12
DA:223,4
DA:226,4
DA:227,4
DA:233,4
DA:237,8
DA:239,0
DA:240,0
DA:241,0
DA:242,0
DA:243,0
DA:246,4
DA:248,0
DA:249,0
DA:250,0
DA:252,0
DA:253,0
DA:261,4
DA:264,4
DA:266,4
DA:267,4
DA:269,0
DA:274,0
DA:275,0
DA:278,0
DA:285,0
DA:286,0
DA:290,6
DA:291,12
LF:105
LH:66
end_of_record
SF:lib/src/network/dio/dio_network_client.dart
DA:14,6
DA:15,4
DA:16,6
DA:21,4
DA:22,4
DA:24,4
DA:29,2
DA:30,2
DA:34,6
DA:35,12
DA:36,6
DA:37,12
DA:38,12
DA:39,12
DA:40,12
DA:41,12
DA:46,17
DA:47,20
DA:51,3
DA:57,6
DA:58,0
DA:60,1
DA:64,3
DA:71,6
DA:76,0
DA:78,1
DA:82,3
DA:89,6
DA:94,0
DA:96,1
DA:100,3
DA:106,6
DA:110,0
DA:112,1
DA:117,0
DA:118,0
DA:119,0
DA:120,0
DA:121,0
DA:126,0
DA:127,0
DA:128,0
DA:129,0
DA:130,0
DA:137,1
DA:143,1
DA:144,1
DA:145,1
DA:147,1
DA:148,0
DA:151,1
DA:152,1
DA:153,1
DA:154,1
DA:155,0
DA:156,0
DA:161,1
DA:162,0
DA:163,0
DA:168,1
DA:169,0
DA:170,0
DA:175,1
DA:176,0
DA:177,0
DA:181,1
DA:182,1
DA:183,2
DA:189,0
DA:190,0
DA:196,0
DA:197,0
DA:203,3
DA:204,1
DA:207,1
DA:216,6
DA:217,12
LF:77
LH:50
end_of_record
SF:lib/src/network/dio/network_interceptor_adapter.dart
DA:7,5
DA:9,3
DA:15,3
DA:16,3
DA:17,3
DA:18,3
DA:19,6
DA:21,3
DA:22,3
DA:25,6
DA:28,6
DA:29,9
DA:30,6
DA:31,9
DA:32,6
DA:34,3
DA:36,0
DA:37,0
DA:40,0
DA:46,0
DA:49,0
DA:50,0
DA:51,0
DA:52,0
DA:55,0
DA:57,0
DA:59,0
DA:60,0
DA:61,0
DA:63,0
DA:69,1
DA:72,1
DA:73,1
DA:74,1
DA:78,2
DA:80,1
DA:82,0
DA:86,0
DA:87,0
DA:88,0
DA:89,0
DA:90,0
LF:42
LH:22
end_of_record
SF:lib/src/network/network_service.dart
DA:7,3
DA:8,2
DA:10,2
DA:12,2
DA:16,3
DA:20,6
DA:24,2
DA:27,4
DA:29,2
DA:33,4
DA:35,2
DA:39,4
DA:41,2
DA:44,4
DA:47,2
DA:51,2
DA:52,2
DA:53,0
DA:54,0
DA:55,0
DA:57,0
DA:59,0
DA:66,2
DA:71,2
DA:77,2
DA:78,0
DA:79,0
DA:80,0
DA:82,0
DA:84,0
DA:91,2
DA:96,2
DA:102,2
DA:103,0
DA:104,0
DA:105,0
DA:107,0
DA:109,0
DA:117,6
DA:119,3
DA:120,6
DA:121,6
DA:122,6
DA:123,6
LF:44
LH:29
end_of_record
SF:lib/src/network/core/network_config.dart
DA:11,9
LF:1
LH:1
end_of_record
SF:lib/src/network/core/network_request.dart
DA:8,6
LF:1
LH:1
end_of_record
SF:lib/src/network/core/network_response.dart
DA:9,4
DA:11,5
LF:2
LH:2
end_of_record
SF:lib/src/network/core/network_error.dart
DA:6,5
LF:1
LH:1
end_of_record
SF:lib/src/network/core/inceptors/logger_interceptor.dart
DA:11,36
DA:13,6
DA:15,24
DA:16,6
DA:17,8
DA:18,8
DA:20,6
DA:21,24
DA:23,24
DA:26,2
DA:28,2
DA:29,10
DA:33,5
DA:35,20
DA:38,6
DA:39,12
DA:40,12
DA:44,6
DA:45,6
DA:46,24
DA:47,6
DA:48,36
DA:54,2
DA:55,6
LF:24
LH:24
end_of_record
SF:lib/src/network/core/inceptors/token_interceptor.dart
DA:11,0
DA:12,0
DA:14,0
DA:16,0
DA:18,0
DA:19,0
DA:20,0
DA:24,0
DA:26,0
DA:27,0
DA:28,0
DA:29,0
DA:30,0
DA:35,0
DA:37,0
DA:38,0
LF:16
LH:0
end_of_record
SF:lib/src/network/core/token/default_token_manager.dart
DA:8,0
DA:9,0
DA:10,0
DA:12,0
DA:14,0
DA:16,0
DA:18,0
DA:20,0
DA:22,0
DA:24,0
DA:25,0
LF:11
LH:0
end_of_record
SF:lib/src/network/core/token/token_config.dart
DA:7,0
LF:1
LH:0
end_of_record
